<?xml version="1.0" encoding="UTF-8"?>
<!-- Generated by org.testng.reporters.JUnitXMLReporter -->
<testsuite ignored="0" hostname="DESKTOP-DGNSPR1" failures="0" tests="3" name="Submitorder Test" time="101.718" errors="0" timestamp="2026-02-10T00:25:31 IST">
  <testcase classname="Newpackage.SubmitorderTest" name="submitorder" time="20.451"/>
  <testcase classname="Newpackage.SubmitorderTest" name="submitorder" time="23.055"/>
  <testcase classname="Newpackage.SubmitorderTest" name="orderHistory" time="5.0"/>
</testsuite> <!-- Submitorder Test -->
