<?xml version="1.0" encoding="UTF-8"?>
<!-- Generated by org.testng.reporters.JUnitReportReporter -->
<testsuite hostname="DESKTOP-DGNSPR1" failures="0" tests="3" name="Newpackage.SubmitorderTest" time="101.724" errors="0" timestamp="2026-02-06T23:41:09 IST" skipped="0">
  <testcase classname="Newpackage.SubmitorderTest" name="submitorder" time="43.011"/>
  <testcase classname="Newpackage.SubmitorderTest" name="submitorder" time="38.914"/>
  <testcase classname="Newpackage.SubmitorderTest" name="orderHistory" time="19.799"/>
</testsuite> <!-- Newpackage.SubmitorderTest -->
