<?xml version="1.0" encoding="UTF-8"?>
<!-- Generated by org.testng.reporters.JUnitReportReporter -->
<testsuite hostname="DESKTOP-DGNSPR1" failures="0" tests="3" name="Newpackage.SubmitorderTest" time="101.112" errors="0" timestamp="2026-02-10T00:25:32 IST" skipped="0">
  <testcase classname="Newpackage.SubmitorderTest" name="submitorder" time="46.951"/>
  <testcase classname="Newpackage.SubmitorderTest" name="submitorder" time="35.628"/>
  <testcase classname="Newpackage.SubmitorderTest" name="orderHistory" time="18.533"/>
</testsuite> <!-- Newpackage.SubmitorderTest -->
