<?xml version="1.0" encoding="UTF-8"?>
<!-- Generated by org.testng.reporters.JUnitReportReporter -->
<testsuite hostname="DESKTOP-DGNSPR1" failures="0" tests="2" name="Newpackage.ErrorValidation" time="72.579" errors="0" timestamp="2026-02-10T00:25:32 IST" skipped="0">
  <testcase classname="Newpackage.ErrorValidation" name="productErrorValidation" time="42.950"/>
  <testcase classname="Newpackage.ErrorValidation" name="loginErrorValidation" time="29.629"/>
</testsuite> <!-- Newpackage.ErrorValidation -->
